<?xml version="1.0" ?>
<!DOCTYPE coverage SYSTEM "http://cobertura.sourceforge.net/xml/coverage-04.dtd">
<coverage lines-valid="12" lines-covered="12" line-rate="1" branches-valid="0" branches-covered="0" branch-rate="1" timestamp="1639637184552" complexity="0" version="0.1">
  <sources>
    <source>C:\Users\Sachin Gupta\IonicAllApps\ionic-testing</source>
  </sources>
  <packages>
    <package name="src" line-rate="1" branch-rate="1">
      <classes>
        <class name="test.ts" filename="src\test.ts" line-rate="1" branch-rate="1">
          <methods>
          </methods>
          <lines>
            <line number="18" hits="1" branch="false"/>
            <line number="23" hits="1" branch="false"/>
            <line number="25" hits="1" branch="false"/>
          </lines>
        </class>
        <class name="zone-flags.ts" filename="src\zone-flags.ts" line-rate="1" branch-rate="1">
          <methods>
          </methods>
          <lines>
            <line number="6" hits="1" branch="false"/>
          </lines>
        </class>
      </classes>
    </package>
    <package name="src.app" line-rate="1" branch-rate="1">
      <classes>
        <class name="app.component.ts" filename="src\app\app.component.ts" line-rate="1" branch-rate="1">
          <methods>
            <method name="(anonymous_0)" hits="1" signature="()V">
              <lines>
                <line number="9" hits="1"/>
              </lines>
            </method>
          </methods>
          <lines>
            <line number="8" hits="1" branch="false"/>
          </lines>
        </class>
      </classes>
    </package>
    <package name="src.app.explore-container" line-rate="1" branch-rate="1">
      <classes>
        <class name="explore-container.component.ts" filename="src\app\explore-container\explore-container.component.ts" line-rate="1" branch-rate="1">
          <methods>
            <method name="(anonymous_0)" hits="5" signature="()V">
              <lines>
                <line number="11" hits="5"/>
              </lines>
            </method>
            <method name="(anonymous_1)" hits="1" signature="()V">
              <lines>
                <line number="13" hits="1"/>
              </lines>
            </method>
          </methods>
          <lines>
            <line number="8" hits="1" branch="false"/>
          </lines>
        </class>
        <class name="explore-container.module.ts" filename="src\app\explore-container\explore-container.module.ts" line-rate="1" branch-rate="1">
          <methods>
          </methods>
          <lines>
            <line number="14" hits="1" branch="false"/>
          </lines>
        </class>
      </classes>
    </package>
    <package name="src.app.tab1" line-rate="1" branch-rate="1">
      <classes>
        <class name="tab1.page.ts" filename="src\app\tab1\tab1.page.ts" line-rate="1" branch-rate="1">
          <methods>
            <method name="(anonymous_0)" hits="4" signature="()V">
              <lines>
                <line number="10" hits="4"/>
              </lines>
            </method>
            <method name="(anonymous_1)" hits="1" signature="()V">
              <lines>
                <line number="12" hits="1"/>
              </lines>
            </method>
          </methods>
          <lines>
            <line number="7" hits="1" branch="false"/>
            <line number="8" hits="4" branch="false"/>
            <line number="9" hits="4" branch="false"/>
            <line number="13" hits="1" branch="false"/>
          </lines>
        </class>
      </classes>
    </package>
    <package name="src.app.tabs" line-rate="1" branch-rate="1">
      <classes>
        <class name="tabs.page.ts" filename="src\app\tabs\tabs.page.ts" line-rate="1" branch-rate="1">
          <methods>
            <method name="(anonymous_0)" hits="1" signature="()V">
              <lines>
                <line number="10" hits="1"/>
              </lines>
            </method>
          </methods>
          <lines>
            <line number="8" hits="1" branch="false"/>
          </lines>
        </class>
      </classes>
    </package>
  </packages>
</coverage>
